<?xml version="1.0" encoding="UTF-8"?>
<!-- Generated by org.testng.reporters.JUnitReportReporter -->
<testsuite skipped="0" hostname="prashuthra" name="week4day1.DeleteLead" tests="1" failures="0" timestamp="31 Mar 2018 15:41:11 GMT" time="80.343" errors="0">
  <testcase name="DeleteLeadscenarios" time="80.343" classname="week4day1.DeleteLead"/>
</testsuite> <!-- week4day1.DeleteLead -->
