<?xml version="1.0" encoding="UTF-8"?>
<!-- Generated by org.testng.reporters.JUnitReportReporter -->
<testsuite skipped="0" hostname="prashuthra" name="week4_homework.Test3" tests="1" failures="0" timestamp="04 Apr 2018 09:04:13 GMT" time="9.718" errors="0">
  <testcase name="test3Scenario" time="9.718" classname="week4_homework.Test3"/>
</testsuite> <!-- week4_homework.Test3 -->
