<?xml version="1.0" encoding="UTF-8"?>
<!-- Generated by org.testng.reporters.JUnitReportReporter -->
<testsuite skipped="1" hostname="prashuthra" name="week4day2.DeleteLead" tests="1" failures="0" timestamp="01 Apr 2018 17:03:30 GMT" time="0.000" errors="0">
  <testcase name="DeleteLeadscenarios" time="0.000" classname="week4day2.DeleteLead">
    <skipped/>
  </testcase> <!-- DeleteLeadscenarios -->
</testsuite> <!-- week4day2.DeleteLead -->
