<?xml version="1.0" encoding="UTF-8"?>
<!-- Generated by org.testng.reporters.JUnitReportReporter -->
<testsuite skipped="1" hostname="prashuthra" name="week4day2.EditLead" tests="1" failures="0" timestamp="01 Apr 2018 17:03:30 GMT" time="0.000" errors="0">
  <testcase name="editLeadScenario" time="0.000" classname="week4day2.EditLead">
    <skipped/>
  </testcase> <!-- editLeadScenario -->
</testsuite> <!-- week4day2.EditLead -->
