<?xml version="1.0" encoding="UTF-8"?>
<!-- Generated by org.testng.reporters.JUnitReportReporter -->
<testsuite skipped="0" hostname="prashuthra" name="week5day1.CreateLead" tests="2" failures="0" timestamp="07 Apr 2018 07:11:56 GMT" time="109.331" errors="0">
  <testcase name="CreatingLeads" time="84.440" classname="week5day1.CreateLead"/>
  <testcase name="CreatingLeads" time="24.891" classname="week5day1.CreateLead"/>
</testsuite> <!-- week5day1.CreateLead -->
