<?xml version="1.0" encoding="UTF-8"?>
<!-- Generated by org.testng.reporters.JUnitReportReporter -->
<testsuite skipped="0" hostname="prashuthra" name="week4day1.EditLead" tests="1" failures="0" timestamp="31 Mar 2018 15:41:11 GMT" time="74.009" errors="0">
  <testcase name="EditLeadScenario" time="74.009" classname="week4day1.EditLead"/>
</testsuite> <!-- week4day1.EditLead -->
