<?xml version="1.0" encoding="UTF-8"?>
<!-- Generated by org.testng.reporters.JUnitReportReporter -->
<testsuite skipped="1" hostname="prashuthra" name="week4_homework.MergeLead" tests="1" failures="0" timestamp="03 Apr 2018 15:11:33 GMT" time="0.000" errors="0">
  <testcase name="mergeLead" time="0.000" classname="week4_homework.MergeLead">
    <skipped/>
  </testcase> <!-- mergeLead -->
</testsuite> <!-- week4_homework.MergeLead -->
