<?xml version="1.0" encoding="UTF-8"?>
<!-- Generated by org.testng.reporters.JUnitReportReporter -->
<testsuite skipped="0" hostname="prashuthra" name="week4_homework.DeleteLead" tests="1" failures="0" timestamp="03 Apr 2018 15:11:33 GMT" time="33.066" errors="0">
  <testcase name="DeleteLeadscenarios" time="33.066" classname="week4_homework.DeleteLead"/>
</testsuite> <!-- week4_homework.DeleteLead -->
