<?xml version="1.0" encoding="UTF-8"?>
<!-- Generated by org.testng.reporters.JUnitReportReporter -->
<testsuite skipped="0" hostname="prashuthra" name="week4_homework.Test1" tests="3" failures="0" timestamp="04 Apr 2018 09:04:13 GMT" time="112.362" errors="0">
  <testcase name="test1Scenario" time="36.800" classname="week4_homework.Test1"/>
  <testcase name="test1Scenario" time="36.807" classname="week4_homework.Test1"/>
  <testcase name="test1Scenario" time="38.755" classname="week4_homework.Test1"/>
</testsuite> <!-- week4_homework.Test1 -->
