<?xml version="1.0" encoding="UTF-8"?>
<!-- Generated by org.testng.reporters.JUnitReportReporter -->
<testsuite skipped="0" hostname="prashuthra" name="week4day1.LearnAnotation" tests="1" failures="0" timestamp="01 Apr 2018 05:20:26 GMT" time="0.002" errors="0">
  <testcase name="f" time="0.002" classname="week4day1.LearnAnotation"/>
</testsuite> <!-- week4day1.LearnAnotation -->
