<?xml version="1.0" encoding="UTF-8"?>
<!-- Generated by org.testng.reporters.JUnitReportReporter -->
<testsuite skipped="0" hostname="prashuthra" name="week4_homework.Test2" tests="1" failures="0" timestamp="04 Apr 2018 09:04:13 GMT" time="12.520" errors="0">
  <testcase name="test2Scenario" time="12.520" classname="week4_homework.Test2"/>
</testsuite> <!-- week4_homework.Test2 -->
